<?xml version="1.0" encoding="UTF-8"?>
<!-- Generated by org.testng.reporters.JUnitReportReporter -->
<testsuite hostname="LAPTOP-R4J2S6L4" failures="0" tests="1" name="com.hrms.testscripts.TC002" time="43.243" errors="0" timestamp="3 Apr 2024 11:22:29 GMT">
  <testcase classname="com.hrms.testscripts.TC002" name="tc002" time="43.243"/>
</testsuite> <!-- com.hrms.testscripts.TC002 -->
