<?xml version="1.0" encoding="UTF-8"?>
<!-- Generated by org.testng.reporters.JUnitReportReporter -->
<testsuite hostname="LAPTOP-R4J2S6L4" failures="0" tests="1" name="com.hrms.testscripts.TC001" time="32.441" errors="0" timestamp="12 Mar 2024 15:20:44 GMT">
  <testcase classname="com.hrms.testscripts.TC001" name="tc001" time="32.441"/>
</testsuite> <!-- com.hrms.testscripts.TC001 -->
