<?xml version="1.0" encoding="UTF-8"?>
<!-- Generated by org.testng.reporters.JUnitReportReporter -->
<testsuite hostname="LAPTOP-R4J2S6L4" failures="0" tests="1" name="com.hrms.testscripts.TC003_Deleteemp" time="51.018" errors="0" timestamp="5 Apr 2024 07:32:33 GMT">
  <testcase classname="com.hrms.testscripts.TC003_Deleteemp" name="tc003" time="51.018"/>
</testsuite> <!-- com.hrms.testscripts.TC003_Deleteemp -->
