<?xml version="1.0" encoding="UTF-8"?>
<!-- Generated by org.testng.reporters.JUnitReportReporter -->
<testsuite hostname="LAPTOP-R4J2S6L4" failures="0" tests="1" name="com.hrms.testscripts.TC001" time="42.791" errors="0" timestamp="3 Apr 2024 11:20:33 GMT">
  <testcase classname="com.hrms.testscripts.TC001" name="tc001" time="42.791"/>
</testsuite> <!-- com.hrms.testscripts.TC001 -->
